<?xml version="1.0" encoding="UTF-8"?>
<beans xmlns="http://www.springframework.org/schema/beans"
       xmlns:xsi="http://www.w3.org/2001/XMLSchema-instance"
       xmlns:tx="http://www.springframework.org/schema/tx" xmlns:context="http://www.springframework.org/schema/context"
       xsi:schemaLocation="http://www.springframework.org/schema/beans
       http://www.springframework.org/schema/beans/spring-beans.xsd
       http://www.springframework.org/schema/tx
       http://www.springframework.org/schema/tx/spring-tx.xsd http://www.springframework.org/schema/context http://www.springframework.org/schema/context/spring-context.xsd">


    <import resource="test-Service.xml"/>

    <bean class="com.netcracker.crm.services.parser.CatalogParser" id="catalogParser" scope="session">
        <property name="productService" ref="productService"/>
        <property name="tabletTag" ref="tabletTag"/>
        <property name="telephoneTag" ref="telephoneTag"/>
        <property name="typeAttribute" ref="typeAttribute"/>
    </bean>


    <bean class="com.netcracker.crm.services.parser.TabletTag" id="tabletTag"/>
    <bean class="com.netcracker.crm.services.parser.TelephoneTag" id="telephoneTag"/>
    <bean class="com.netcracker.crm.services.parser.TypeAttribute" id="typeAttribute"/>


</beans>